<?xml version="1.0" encoding="UTF-8"?>
<!-- Generated by org.testng.reporters.JUnitReportReporter -->
<testsuite skipped="0" hostname="EMB-BAN-168" name="Testcases.TestPlaceOrder" tests="1" failures="0" timestamp="10 Jul 2018 05:50:37 GMT" time="75.242" errors="0">
  <testcase name="OrderPlaceCheckout" time="75.242" classname="Testcases.TestPlaceOrder"/>
</testsuite> <!-- Testcases.TestPlaceOrder -->
