<?xml version="1.0" encoding="UTF-8"?>
<!-- Generated by org.testng.reporters.JUnitReportReporter -->
<testsuite skipped="0" hostname="EMB-BAN-168" name="Testcases.TestAddCartQuickview" tests="1" failures="0" timestamp="06 Jul 2018 05:52:17 GMT" time="38.707" errors="0">
  <testcase name="AddToCartQuickview" time="38.707" classname="Testcases.TestAddCartQuickview"/>
</testsuite> <!-- Testcases.TestAddCartQuickview -->
