<?xml version="1.0" encoding="UTF-8"?>
<!-- Generated by org.testng.reporters.JUnitReportReporter -->
<testsuite skipped="0" hostname="EMB-BAN-168" name="Testcases.TestAccount" tests="1" failures="0" timestamp="17 Jul 2018 06:10:49 GMT" time="15.909" errors="0">
  <testcase name="MyAccountInfo" time="15.909" classname="Testcases.TestAccount"/>
</testsuite> <!-- Testcases.TestAccount -->
