<?xml version="1.0" encoding="UTF-8"?>
<!-- Generated by org.testng.reporters.JUnitReportReporter -->
<testsuite skipped="0" hostname="EMB-BAN-168" name="Testcases.TestForgotPassword" tests="1" failures="0" timestamp="10 Jul 2018 09:49:45 GMT" time="53.872" errors="0">
  <testcase name="coverStoryCheckoutForgotPassword" time="53.872" classname="Testcases.TestForgotPassword"/>
</testsuite> <!-- Testcases.TestForgotPassword -->
