<?xml version="1.0" encoding="UTF-8"?>
<!-- Generated by org.testng.reporters.JUnitReportReporter -->
<testsuite skipped="0" hostname="EMB-BAN-168" name="Testcases.TestAddWishlistPDP" tests="1" failures="0" timestamp="06 Jul 2018 12:56:20 GMT" time="39.707" errors="0">
  <testcase name="AddToWishlistPLP" time="39.707" classname="Testcases.TestAddWishlistPDP"/>
</testsuite> <!-- Testcases.TestAddWishlistPDP -->
