<?xml version="1.0" encoding="UTF-8"?>
<!-- Generated by org.testng.reporters.JUnitReportReporter -->
<testsuite skipped="0" hostname="EMB-BAN-168" name="Testcases.TestAddWishlistPLP" tests="1" failures="0" timestamp="06 Jul 2018 13:08:03 GMT" time="46.809" errors="0">
  <testcase name="AddToWishlistPLP" time="46.809" classname="Testcases.TestAddWishlistPLP"/>
</testsuite> <!-- Testcases.TestAddWishlistPLP -->
