<?xml version="1.0" encoding="UTF-8"?>
<!-- Generated by org.testng.reporters.JUnitReportReporter -->
<testsuite skipped="0" hostname="EMB-BAN-168" name="Testcases.TestAddCartPDP" tests="1" failures="0" timestamp="09 Jul 2018 12:02:36 GMT" time="31.291" errors="0">
  <testcase name="AddToCart" time="31.291" classname="Testcases.TestAddCartPDP"/>
</testsuite> <!-- Testcases.TestAddCartPDP -->
