<?xml version="1.0" encoding="UTF-8"?>
<!-- Generated by org.testng.reporters.JUnitReportReporter -->
<testsuite skipped="0" hostname="EMB-BAN-168" name="com.qa.testcases.TestAddWishlist" tests="3" failures="0" timestamp="27 Jul 2018 13:10:16 GMT" time="80.336" errors="0">
  <testcase name="AddToWishlistQuickviewLogin" time="42.847" classname="com.qa.testcases.TestAddWishlist"/>
  <testcase name="AddToWishlistPLP" time="16.675" classname="com.qa.testcases.TestAddWishlist"/>
  <testcase name="AddToWishlistPDP" time="20.814" classname="com.qa.testcases.TestAddWishlist"/>
</testsuite> <!-- com.qa.testcases.TestAddWishlist -->
