<?xml version="1.0" encoding="UTF-8"?>
<!-- Generated by org.testng.reporters.JUnitReportReporter -->
<testsuite skipped="0" hostname="DESKTOP-UP4OGTU" name="Testcases.TestCsw_Order" tests="1" failures="0" timestamp="01 Jul 2018 18:29:29 GMT" time="131.232" errors="0">
  <testcase name="PlaceOrder_AlreadyLoggedin" time="131.232" classname="Testcases.TestCsw_Order"/>
</testsuite> <!-- Testcases.TestCsw_Order -->
