<?xml version="1.0" encoding="UTF-8"?>
<!-- Generated by org.testng.reporters.JUnitReportReporter -->
<testsuite skipped="0" hostname="DESKTOP-UP4OGTU" name="Testcases.cswLogin" tests="1" failures="0" timestamp="30 Jun 2018 18:46:49 GMT" time="142.375" errors="0">
  <testcase name="coverStoryLogin" time="142.375" classname="Testcases.cswLogin"/>
</testsuite> <!-- Testcases.cswLogin -->
