<?xml version="1.0" encoding="UTF-8"?>
<!-- Generated by org.testng.reporters.JUnitReportReporter -->
<testsuite skipped="0" hostname="EMB-BAN-168" name="com.qa.testcases.TestSearch$TestAccount" tests="1" failures="0" timestamp="27 Jul 2018 13:10:16 GMT" time="11.750" errors="0">
  <testcase name="search" time="11.750" classname="com.qa.testcases.TestSearch$TestAccount"/>
</testsuite> <!-- com.qa.testcases.TestSearch$TestAccount -->
