<?xml version="1.0" encoding="UTF-8"?>
<!-- Generated by org.testng.reporters.JUnitReportReporter -->
<testsuite skipped="0" hostname="EMB-BAN-168" name="Testcases.TestBannerClick" tests="1" failures="0" timestamp="17 Jul 2018 05:58:40 GMT" time="16.786" errors="0">
  <testcase name="BannerclickWithLogin" time="16.786" classname="Testcases.TestBannerClick"/>
</testsuite> <!-- Testcases.TestBannerClick -->
