<?xml version="1.0" encoding="UTF-8"?>
<!-- Generated by org.testng.reporters.JUnitReportReporter -->
<testsuite skipped="0" hostname="EMB-BAN-168" name="Testcases.TestCswAddToCart" tests="1" failures="0" timestamp="05 Jul 2018 09:12:18 GMT" time="35.038" errors="0">
  <testcase name="AddToCartFromQuickview" time="35.038" classname="Testcases.TestCswAddToCart"/>
</testsuite> <!-- Testcases.TestCswAddToCart -->
