<?xml version="1.0" encoding="UTF-8"?>
<!-- Generated by org.testng.reporters.JUnitReportReporter -->
<testsuite skipped="0" hostname="EMB-BAN-168" name="Testcases.TestCswLogin" tests="1" failures="0" timestamp="17 Jul 2018 13:15:01 GMT" time="6.239" errors="0">
  <testcase name="coverStoryEmailLogin" time="6.239" classname="Testcases.TestCswLogin"/>
</testsuite> <!-- Testcases.TestCswLogin -->
