<?xml version="1.0" encoding="UTF-8"?>
<!-- Generated by org.testng.reporters.JUnitReportReporter -->
<testsuite skipped="0" hostname="EMB-BAN-168" name="Testcases.TestCsw_PhoneLogin" tests="1" failures="0" timestamp="02 Jul 2018 11:01:13 GMT" time="215.231" errors="0">
  <testcase name="BlankUsernamePassword" time="215.231" classname="Testcases.TestCsw_PhoneLogin"/>
</testsuite> <!-- Testcases.TestCsw_PhoneLogin -->
