<?xml version="1.0" encoding="UTF-8"?>
<!-- Generated by org.testng.reporters.JUnitReportReporter -->
<testsuite skipped="0" hostname="EMB-BAN-168" name="com.qa.testcases.TestAddCart" tests="3" failures="0" timestamp="27 Jul 2018 13:10:16 GMT" time="59.519" errors="0">
  <testcase name="RemoveFromMinicart" time="23.691" classname="com.qa.testcases.TestAddCart"/>
  <testcase name="AddToCart" time="18.223" classname="com.qa.testcases.TestAddCart"/>
  <testcase name="AddToCartQuickview" time="17.605" classname="com.qa.testcases.TestAddCart"/>
</testsuite> <!-- com.qa.testcases.TestAddCart -->
