<?xml version="1.0" encoding="UTF-8"?>
<!-- Generated by org.testng.reporters.JUnitReportReporter -->
<testsuite skipped="0" hostname="EMB-BAN-168" name="com.qa.testcases.TestBannerClick" tests="5" failures="0" timestamp="27 Jul 2018 13:10:16 GMT" time="72.475" errors="0">
  <testcase name="BannerOne" time="1.921" classname="com.qa.testcases.TestBannerClick"/>
  <testcase name="BannerclickWithLogin" time="13.468" classname="com.qa.testcases.TestBannerClick"/>
  <testcase name="BannerclickWithLoginTwo" time="12.563" classname="com.qa.testcases.TestBannerClick"/>
  <testcase name="BannerclickWithLoginThree" time="20.448" classname="com.qa.testcases.TestBannerClick"/>
  <testcase name="BannerclickLookBook" time="24.075" classname="com.qa.testcases.TestBannerClick"/>
</testsuite> <!-- com.qa.testcases.TestBannerClick -->
