<?xml version="1.0" encoding="UTF-8"?>
<!-- Generated by org.testng.reporters.JUnitReportReporter -->
<testsuite skipped="0" hostname="EMB-BAN-168" name="com.qa.testcases.TestAccount" tests="4" failures="0" timestamp="27 Jul 2018 13:10:16 GMT" time="31.743" errors="0">
  <testcase name="MyAccountInfo" time="15.353" classname="com.qa.testcases.TestAccount"/>
  <testcase name="MyAccountChangePassword" time="0.930" classname="com.qa.testcases.TestAccount"/>
  <testcase name="MyAccountOrderPage" time="1.695" classname="com.qa.testcases.TestAccount"/>
  <testcase name="MyAccountSaveAddressPage" time="13.765" classname="com.qa.testcases.TestAccount"/>
</testsuite> <!-- com.qa.testcases.TestAccount -->
