<?xml version="1.0" encoding="UTF-8"?>
<!-- Generated by org.testng.reporters.JUnitReportReporter -->
<testsuite skipped="0" hostname="EMB-BAN-168" name="Testcases.TestWishlistPLP" tests="1" failures="0" timestamp="06 Jul 2018 05:55:54 GMT" time="40.469" errors="0">
  <testcase name="AddToWishlistPLP" time="40.469" classname="Testcases.TestWishlistPLP"/>
</testsuite> <!-- Testcases.TestWishlistPLP -->
